[0.357s] Invoking command in '/home/derek/stuff/ros2ws/src/my_robot_controller': PYTHONPATH=/home/derek/stuff/ros2ws/build/my_robot_controller/prefix_override:/usr/lib/python3/dist-packages/colcon_core/task/python/colcon_distutils_commands:/home/derek/stuff/ros2ws/install/my_robot_controller/lib/python3.10/site-packages:${PYTHONPATH} /usr/bin/python3 -W ignore:setup.py install is deprecated setup.py egg_info --egg-base ../../build/my_robot_controller build --build-base /home/derek/stuff/ros2ws/build/my_robot_controller/build install --record /home/derek/stuff/ros2ws/build/my_robot_controller/install.log --single-version-externally-managed install_data
[0.487s] running egg_info
[0.487s] creating ../../build/my_robot_controller/my_robot_controller.egg-info
[0.489s] writing ../../build/my_robot_controller/my_robot_controller.egg-info/PKG-INFO
[0.489s] writing dependency_links to ../../build/my_robot_controller/my_robot_controller.egg-info/dependency_links.txt
[0.489s] writing entry points to ../../build/my_robot_controller/my_robot_controller.egg-info/entry_points.txt
[0.489s] writing requirements to ../../build/my_robot_controller/my_robot_controller.egg-info/requires.txt
[0.489s] writing top-level names to ../../build/my_robot_controller/my_robot_controller.egg-info/top_level.txt
[0.489s] writing manifest file '../../build/my_robot_controller/my_robot_controller.egg-info/SOURCES.txt'
[0.490s] reading manifest file '../../build/my_robot_controller/my_robot_controller.egg-info/SOURCES.txt'
[0.491s] writing manifest file '../../build/my_robot_controller/my_robot_controller.egg-info/SOURCES.txt'
[0.491s] running build
[0.491s] running build_py
[0.491s] creating /home/derek/stuff/ros2ws/build/my_robot_controller/build
[0.491s] creating /home/derek/stuff/ros2ws/build/my_robot_controller/build/lib
[0.491s] creating /home/derek/stuff/ros2ws/build/my_robot_controller/build/lib/my_robot_controller
[0.492s] copying my_robot_controller/__init__.py -> /home/derek/stuff/ros2ws/build/my_robot_controller/build/lib/my_robot_controller
[0.492s] running install
[0.492s] running install_lib
[0.492s] creating /home/derek/stuff/ros2ws/install/my_robot_controller/lib/python3.10/site-packages/my_robot_controller
[0.492s] copying /home/derek/stuff/ros2ws/build/my_robot_controller/build/lib/my_robot_controller/__init__.py -> /home/derek/stuff/ros2ws/install/my_robot_controller/lib/python3.10/site-packages/my_robot_controller
[0.493s] byte-compiling /home/derek/stuff/ros2ws/install/my_robot_controller/lib/python3.10/site-packages/my_robot_controller/__init__.py to __init__.cpython-310.pyc
[0.493s] running install_data
[0.493s] creating /home/derek/stuff/ros2ws/install/my_robot_controller/share/ament_index
[0.493s] creating /home/derek/stuff/ros2ws/install/my_robot_controller/share/ament_index/resource_index
[0.494s] creating /home/derek/stuff/ros2ws/install/my_robot_controller/share/ament_index/resource_index/packages
[0.494s] copying resource/my_robot_controller -> /home/derek/stuff/ros2ws/install/my_robot_controller/share/ament_index/resource_index/packages
[0.494s] copying package.xml -> /home/derek/stuff/ros2ws/install/my_robot_controller/share/my_robot_controller
[0.494s] running install_egg_info
[0.495s] Copying ../../build/my_robot_controller/my_robot_controller.egg-info to /home/derek/stuff/ros2ws/install/my_robot_controller/lib/python3.10/site-packages/my_robot_controller-0.0.0-py3.10.egg-info
[0.495s] running install_scripts
[0.508s] writing list of installed files to '/home/derek/stuff/ros2ws/build/my_robot_controller/install.log'
[0.523s] Invoked command in '/home/derek/stuff/ros2ws/src/my_robot_controller' returned '0': PYTHONPATH=/home/derek/stuff/ros2ws/build/my_robot_controller/prefix_override:/usr/lib/python3/dist-packages/colcon_core/task/python/colcon_distutils_commands:/home/derek/stuff/ros2ws/install/my_robot_controller/lib/python3.10/site-packages:${PYTHONPATH} /usr/bin/python3 -W ignore:setup.py install is deprecated setup.py egg_info --egg-base ../../build/my_robot_controller build --build-base /home/derek/stuff/ros2ws/build/my_robot_controller/build install --record /home/derek/stuff/ros2ws/build/my_robot_controller/install.log --single-version-externally-managed install_data
