[0.318s] Invoking command in '/home/derek/stuff/ros2ws/src/my_robot_controller': PYTHONPATH=/home/derek/stuff/ros2ws/build/my_robot_controller/prefix_override:/usr/lib/python3/dist-packages/colcon_core/task/python/colcon_distutils_commands:/home/derek/stuff/ros2ws/install/my_robot_controller/lib/python3.10/site-packages:${PYTHONPATH} /usr/bin/python3 -W ignore:setup.py install is deprecated setup.py egg_info --egg-base ../../build/my_robot_controller build --build-base /home/derek/stuff/ros2ws/build/my_robot_controller/build install --record /home/derek/stuff/ros2ws/build/my_robot_controller/install.log --single-version-externally-managed install_data
[0.441s] running egg_info
[0.442s] writing ../../build/my_robot_controller/my_robot_controller.egg-info/PKG-INFO
[0.442s] writing dependency_links to ../../build/my_robot_controller/my_robot_controller.egg-info/dependency_links.txt
[0.442s] writing entry points to ../../build/my_robot_controller/my_robot_controller.egg-info/entry_points.txt
[0.442s] writing requirements to ../../build/my_robot_controller/my_robot_controller.egg-info/requires.txt
[0.442s] writing top-level names to ../../build/my_robot_controller/my_robot_controller.egg-info/top_level.txt
[0.443s] reading manifest file '../../build/my_robot_controller/my_robot_controller.egg-info/SOURCES.txt'
[0.444s] writing manifest file '../../build/my_robot_controller/my_robot_controller.egg-info/SOURCES.txt'
[0.444s] running build
[0.444s] running build_py
[0.444s] copying my_robot_controller/my_first_node.py -> /home/derek/stuff/ros2ws/build/my_robot_controller/build/lib/my_robot_controller
[0.444s] running install
[0.444s] running install_lib
[0.445s] copying /home/derek/stuff/ros2ws/build/my_robot_controller/build/lib/my_robot_controller/my_first_node.py -> /home/derek/stuff/ros2ws/install/my_robot_controller/lib/python3.10/site-packages/my_robot_controller
[0.445s] byte-compiling /home/derek/stuff/ros2ws/install/my_robot_controller/lib/python3.10/site-packages/my_robot_controller/my_first_node.py to my_first_node.cpython-310.pyc
[0.445s] running install_data
[0.446s] running install_egg_info
[0.446s] removing '/home/derek/stuff/ros2ws/install/my_robot_controller/lib/python3.10/site-packages/my_robot_controller-0.0.0-py3.10.egg-info' (and everything under it)
[0.447s] Copying ../../build/my_robot_controller/my_robot_controller.egg-info to /home/derek/stuff/ros2ws/install/my_robot_controller/lib/python3.10/site-packages/my_robot_controller-0.0.0-py3.10.egg-info
[0.447s] running install_scripts
[0.460s] Installing test_node script to /home/derek/stuff/ros2ws/install/my_robot_controller/lib/my_robot_controller
[0.461s] writing list of installed files to '/home/derek/stuff/ros2ws/build/my_robot_controller/install.log'
[0.475s] Invoked command in '/home/derek/stuff/ros2ws/src/my_robot_controller' returned '0': PYTHONPATH=/home/derek/stuff/ros2ws/build/my_robot_controller/prefix_override:/usr/lib/python3/dist-packages/colcon_core/task/python/colcon_distutils_commands:/home/derek/stuff/ros2ws/install/my_robot_controller/lib/python3.10/site-packages:${PYTHONPATH} /usr/bin/python3 -W ignore:setup.py install is deprecated setup.py egg_info --egg-base ../../build/my_robot_controller build --build-base /home/derek/stuff/ros2ws/build/my_robot_controller/build install --record /home/derek/stuff/ros2ws/build/my_robot_controller/install.log --single-version-externally-managed install_data
