[0.332s] Invoking command in '/home/derek/stuff/ros2ws/build/my_robot_controller': PYTHONPATH=/home/derek/stuff/ros2ws/build/my_robot_controller/prefix_override:/usr/lib/python3/dist-packages/colcon_core/task/python/colcon_distutils_commands:/home/derek/stuff/ros2ws/install/my_robot_controller/lib/python3.10/site-packages:${PYTHONPATH} /usr/bin/python3 -W ignore:setup.py install is deprecated setup.py develop --editable --build-directory /home/derek/stuff/ros2ws/build/my_robot_controller/build --no-deps symlink_data --force
[0.472s] running develop
[0.474s] /usr/lib/python3/dist-packages/setuptools/command/easy_install.py:158: EasyInstallDeprecationWarning: easy_install command is deprecated. Use build and pip and other standards-based tools.
[0.474s]   warnings.warn(
[0.547s] running egg_info
[0.548s] writing my_robot_controller.egg-info/PKG-INFO
[0.548s] writing dependency_links to my_robot_controller.egg-info/dependency_links.txt
[0.548s] writing entry points to my_robot_controller.egg-info/entry_points.txt
[0.548s] writing requirements to my_robot_controller.egg-info/requires.txt
[0.548s] writing top-level names to my_robot_controller.egg-info/top_level.txt
[0.549s] reading manifest file 'my_robot_controller.egg-info/SOURCES.txt'
[0.549s] writing manifest file 'my_robot_controller.egg-info/SOURCES.txt'
[0.550s] running build_ext
[0.550s] Creating /home/derek/stuff/ros2ws/install/my_robot_controller/lib/python3.10/site-packages/my-robot-controller.egg-link (link to .)
[0.551s] Installing test_node script to /home/derek/stuff/ros2ws/install/my_robot_controller/lib/my_robot_controller
[0.551s] 
[0.551s] Installed /home/derek/stuff/ros2ws/build/my_robot_controller
[0.551s] running symlink_data
[0.551s] symbolically linking /home/derek/stuff/ros2ws/build/my_robot_controller/resource/my_robot_controller -> /home/derek/stuff/ros2ws/install/my_robot_controller/share/ament_index/resource_index/packages
[0.551s] symbolically linking /home/derek/stuff/ros2ws/build/my_robot_controller/package.xml -> /home/derek/stuff/ros2ws/install/my_robot_controller/share/my_robot_controller
[0.567s] Invoked command in '/home/derek/stuff/ros2ws/build/my_robot_controller' returned '0': PYTHONPATH=/home/derek/stuff/ros2ws/build/my_robot_controller/prefix_override:/usr/lib/python3/dist-packages/colcon_core/task/python/colcon_distutils_commands:/home/derek/stuff/ros2ws/install/my_robot_controller/lib/python3.10/site-packages:${PYTHONPATH} /usr/bin/python3 -W ignore:setup.py install is deprecated setup.py develop --editable --build-directory /home/derek/stuff/ros2ws/build/my_robot_controller/build --no-deps symlink_data --force
